#0 building with "default" instance using docker driver

#1 [internal] load build definition from Dockerfile.conda
#1 transferring dockerfile: 5.54kB done
#1 DONE 0.0s

#2 [internal] load .dockerignore
#2 transferring context: 2B done
#2 DONE 0.0s

#3 [internal] load metadata for docker.io/nvidia/cuda:11.8.0-cudnn8-runtime-ubuntu20.04
#3 DONE 0.6s

#4 [ 1/30] FROM docker.io/nvidia/cuda:11.8.0-cudnn8-runtime-ubuntu20.04@sha256:09da72dbd56f73c53190235907201ad9ff59e4c1ece2215f4e00a0bf2cea7717
#4 resolve docker.io/nvidia/cuda:11.8.0-cudnn8-runtime-ubuntu20.04@sha256:09da72dbd56f73c53190235907201ad9ff59e4c1ece2215f4e00a0bf2cea7717 0.0s done
#4 sha256:0749be5fcfa39fccf019ee8b6245a9eb7aca406376e2056b1cf812488bfe15e8 2.42kB / 2.42kB done
#4 sha256:25655b9bf66f90a1fd9e77b3b886d9411e693117c57290317b40f5e0a8c72d82 14.64kB / 14.64kB done
#4 sha256:09da72dbd56f73c53190235907201ad9ff59e4c1ece2215f4e00a0bf2cea7717 743B / 743B done
#4 sha256:20d547ab5eb53128ec992abaae1d1f5a15bfe39d7a18ac0e5e265b383ebf71bc 0B / 7.94MB 0.2s
#4 sha256:ece84004a3cd8e7689a2ff0b1a1856a941e6cc31f7ec1eedc39073035a7adddd 0B / 56.23MB 0.2s
#4 sha256:56e0351b98767487b3c411034be95479ed1710bb6be860db6df0be3a98653027 0B / 27.51MB 0.2s
#4 sha256:56e0351b98767487b3c411034be95479ed1710bb6be860db6df0be3a98653027 2.10MB / 27.51MB 0.9s
#4 sha256:20d547ab5eb53128ec992abaae1d1f5a15bfe39d7a18ac0e5e265b383ebf71bc 1.05MB / 7.94MB 1.3s
#4 sha256:56e0351b98767487b3c411034be95479ed1710bb6be860db6df0be3a98653027 5.24MB / 27.51MB 1.3s
#4 sha256:20d547ab5eb53128ec992abaae1d1f5a15bfe39d7a18ac0e5e265b383ebf71bc 2.10MB / 7.94MB 1.4s
#4 sha256:56e0351b98767487b3c411034be95479ed1710bb6be860db6df0be3a98653027 8.39MB / 27.51MB 1.6s
#4 sha256:20d547ab5eb53128ec992abaae1d1f5a15bfe39d7a18ac0e5e265b383ebf71bc 3.15MB / 7.94MB 1.8s
#4 sha256:20d547ab5eb53128ec992abaae1d1f5a15bfe39d7a18ac0e5e265b383ebf71bc 4.19MB / 7.94MB 2.1s
#4 sha256:56e0351b98767487b3c411034be95479ed1710bb6be860db6df0be3a98653027 11.53MB / 27.51MB 2.1s
#4 sha256:56e0351b98767487b3c411034be95479ed1710bb6be860db6df0be3a98653027 13.63MB / 27.51MB 2.3s
#4 sha256:20d547ab5eb53128ec992abaae1d1f5a15bfe39d7a18ac0e5e265b383ebf71bc 5.24MB / 7.94MB 2.4s
#4 sha256:20d547ab5eb53128ec992abaae1d1f5a15bfe39d7a18ac0e5e265b383ebf71bc 6.29MB / 7.94MB 2.8s
#4 sha256:56e0351b98767487b3c411034be95479ed1710bb6be860db6df0be3a98653027 15.73MB / 27.51MB 2.8s
#4 sha256:20d547ab5eb53128ec992abaae1d1f5a15bfe39d7a18ac0e5e265b383ebf71bc 7.34MB / 7.94MB 3.2s
#4 sha256:56e0351b98767487b3c411034be95479ed1710bb6be860db6df0be3a98653027 17.83MB / 27.51MB 3.2s
#4 sha256:20d547ab5eb53128ec992abaae1d1f5a15bfe39d7a18ac0e5e265b383ebf71bc 7.94MB / 7.94MB 3.4s
#4 sha256:56e0351b98767487b3c411034be95479ed1710bb6be860db6df0be3a98653027 19.92MB / 27.51MB 3.4s
#4 ...

#5 [internal] load build context
#5 transferring context: 981.30MB 3.5s done
#5 DONE 3.6s

#4 [ 1/30] FROM docker.io/nvidia/cuda:11.8.0-cudnn8-runtime-ubuntu20.04@sha256:09da72dbd56f73c53190235907201ad9ff59e4c1ece2215f4e00a0bf2cea7717
#4 sha256:20d547ab5eb53128ec992abaae1d1f5a15bfe39d7a18ac0e5e265b383ebf71bc 7.94MB / 7.94MB 3.5s done
#4 sha256:ece84004a3cd8e7689a2ff0b1a1856a941e6cc31f7ec1eedc39073035a7adddd 3.15MB / 56.23MB 3.6s
#4 sha256:56e0351b98767487b3c411034be95479ed1710bb6be860db6df0be3a98653027 22.02MB / 27.51MB 3.6s
#4 sha256:b08eef4b90c81de27f73f4aa3522ac14ee1e1146db910e97e17d9d25a969a292 0B / 186B 3.7s
#4 sha256:56e0351b98767487b3c411034be95479ed1710bb6be860db6df0be3a98653027 24.12MB / 27.51MB 3.9s
#4 sha256:b08eef4b90c81de27f73f4aa3522ac14ee1e1146db910e97e17d9d25a969a292 186B / 186B 3.9s done
#4 sha256:aa315b7808f0b5e5badf02398e1f7ce1780952eda559defa9fb204e4f19c54c4 0B / 6.88kB 3.9s
#4 sha256:56e0351b98767487b3c411034be95479ed1710bb6be860db6df0be3a98653027 26.21MB / 27.51MB 4.0s
#4 sha256:56e0351b98767487b3c411034be95479ed1710bb6be860db6df0be3a98653027 27.51MB / 27.51MB 4.3s done
#4 sha256:3288913d5f128020c71260b4e042a0fdda1ccf5966b3d1c9ef205a5099796a74 0B / 1.38GB 4.3s
#4 extracting sha256:56e0351b98767487b3c411034be95479ed1710bb6be860db6df0be3a98653027
#4 sha256:aa315b7808f0b5e5badf02398e1f7ce1780952eda559defa9fb204e4f19c54c4 6.88kB / 6.88kB 4.3s done
#4 sha256:afae2e58c21592a24791ecc7c032f4eb2a1f279ebc922dd3f5d061f62ccb27ce 0B / 62.27kB 4.4s
#4 sha256:ece84004a3cd8e7689a2ff0b1a1856a941e6cc31f7ec1eedc39073035a7adddd 6.29MB / 56.23MB 4.6s
#4 sha256:ece84004a3cd8e7689a2ff0b1a1856a941e6cc31f7ec1eedc39073035a7adddd 9.44MB / 56.23MB 5.1s
#4 extracting sha256:56e0351b98767487b3c411034be95479ed1710bb6be860db6df0be3a98653027 1.0s done
#4 extracting sha256:20d547ab5eb53128ec992abaae1d1f5a15bfe39d7a18ac0e5e265b383ebf71bc
#4 sha256:ece84004a3cd8e7689a2ff0b1a1856a941e6cc31f7ec1eedc39073035a7adddd 12.58MB / 56.23MB 5.5s
#4 sha256:afae2e58c21592a24791ecc7c032f4eb2a1f279ebc922dd3f5d061f62ccb27ce 62.27kB / 62.27kB 5.5s done
#4 extracting sha256:20d547ab5eb53128ec992abaae1d1f5a15bfe39d7a18ac0e5e265b383ebf71bc 0.3s done
#4 sha256:52a5515aef88a30087855f1aea16480c9b3f88f5b596e2575d95f805fa827a66 0B / 1.68kB 5.6s
#4 sha256:ece84004a3cd8e7689a2ff0b1a1856a941e6cc31f7ec1eedc39073035a7adddd 15.73MB / 56.23MB 5.8s
#4 sha256:ece84004a3cd8e7689a2ff0b1a1856a941e6cc31f7ec1eedc39073035a7adddd 18.87MB / 56.23MB 6.1s
#4 sha256:ece84004a3cd8e7689a2ff0b1a1856a941e6cc31f7ec1eedc39073035a7adddd 22.02MB / 56.23MB 6.5s
#4 sha256:ece84004a3cd8e7689a2ff0b1a1856a941e6cc31f7ec1eedc39073035a7adddd 25.17MB / 56.23MB 6.8s
#4 sha256:ece84004a3cd8e7689a2ff0b1a1856a941e6cc31f7ec1eedc39073035a7adddd 28.31MB / 56.23MB 7.2s
#4 sha256:52a5515aef88a30087855f1aea16480c9b3f88f5b596e2575d95f805fa827a66 1.68kB / 1.68kB 7.2s
#4 sha256:ece84004a3cd8e7689a2ff0b1a1856a941e6cc31f7ec1eedc39073035a7adddd 31.46MB / 56.23MB 7.5s
#4 sha256:52a5515aef88a30087855f1aea16480c9b3f88f5b596e2575d95f805fa827a66 1.68kB / 1.68kB 7.3s done
#4 sha256:fc5398be2cb5046540483506f64caad54db6a0c992ddd1ac93b179c04d2566e5 0B / 1.52kB 7.6s
#4 sha256:ece84004a3cd8e7689a2ff0b1a1856a941e6cc31f7ec1eedc39073035a7adddd 34.60MB / 56.23MB 7.9s
#4 sha256:fc5398be2cb5046540483506f64caad54db6a0c992ddd1ac93b179c04d2566e5 1.52kB / 1.52kB 8.0s
#4 sha256:ece84004a3cd8e7689a2ff0b1a1856a941e6cc31f7ec1eedc39073035a7adddd 37.75MB / 56.23MB 8.3s
#4 sha256:fc5398be2cb5046540483506f64caad54db6a0c992ddd1ac93b179c04d2566e5 1.52kB / 1.52kB 8.1s done
#4 sha256:bf5520f9b4ca363dbb54ad33b73b410310e912a44c396997350b9d36e77b69f4 0B / 725.63MB 8.3s
#4 sha256:ece84004a3cd8e7689a2ff0b1a1856a941e6cc31f7ec1eedc39073035a7adddd 40.89MB / 56.23MB 8.6s
#4 sha256:ece84004a3cd8e7689a2ff0b1a1856a941e6cc31f7ec1eedc39073035a7adddd 45.09MB / 56.23MB 9.3s
#4 sha256:3288913d5f128020c71260b4e042a0fdda1ccf5966b3d1c9ef205a5099796a74 9.44MB / 1.38GB 9.3s
#4 sha256:ece84004a3cd8e7689a2ff0b1a1856a941e6cc31f7ec1eedc39073035a7adddd 48.23MB / 56.23MB 9.9s
#4 sha256:ece84004a3cd8e7689a2ff0b1a1856a941e6cc31f7ec1eedc39073035a7adddd 52.43MB / 56.23MB 10.6s
#4 sha256:ece84004a3cd8e7689a2ff0b1a1856a941e6cc31f7ec1eedc39073035a7adddd 56.23MB / 56.23MB 11.2s
#4 sha256:ece84004a3cd8e7689a2ff0b1a1856a941e6cc31f7ec1eedc39073035a7adddd 56.23MB / 56.23MB 11.4s done
#4 extracting sha256:ece84004a3cd8e7689a2ff0b1a1856a941e6cc31f7ec1eedc39073035a7adddd 0.1s
#4 extracting sha256:ece84004a3cd8e7689a2ff0b1a1856a941e6cc31f7ec1eedc39073035a7adddd 1.4s done
#4 sha256:bf5520f9b4ca363dbb54ad33b73b410310e912a44c396997350b9d36e77b69f4 23.07MB / 725.63MB 13.5s
#4 sha256:3288913d5f128020c71260b4e042a0fdda1ccf5966b3d1c9ef205a5099796a74 18.87MB / 1.38GB 14.4s
#4 extracting sha256:b08eef4b90c81de27f73f4aa3522ac14ee1e1146db910e97e17d9d25a969a292 done
#4 extracting sha256:aa315b7808f0b5e5badf02398e1f7ce1780952eda559defa9fb204e4f19c54c4
#4 extracting sha256:aa315b7808f0b5e5badf02398e1f7ce1780952eda559defa9fb204e4f19c54c4 done
#4 sha256:bf5520f9b4ca363dbb54ad33b73b410310e912a44c396997350b9d36e77b69f4 52.43MB / 725.63MB 18.6s
#4 sha256:3288913d5f128020c71260b4e042a0fdda1ccf5966b3d1c9ef205a5099796a74 40.89MB / 1.38GB 19.5s
#4 sha256:bf5520f9b4ca363dbb54ad33b73b410310e912a44c396997350b9d36e77b69f4 82.84MB / 725.63MB 23.8s
#4 sha256:3288913d5f128020c71260b4e042a0fdda1ccf5966b3d1c9ef205a5099796a74 63.96MB / 1.38GB 24.6s
#4 sha256:bf5520f9b4ca363dbb54ad33b73b410310e912a44c396997350b9d36e77b69f4 104.86MB / 725.63MB 28.8s
#4 sha256:3288913d5f128020c71260b4e042a0fdda1ccf5966b3d1c9ef205a5099796a74 84.93MB / 1.38GB 29.6s
#4 sha256:bf5520f9b4ca363dbb54ad33b73b410310e912a44c396997350b9d36e77b69f4 138.41MB / 725.63MB 33.9s
#4 sha256:3288913d5f128020c71260b4e042a0fdda1ccf5966b3d1c9ef205a5099796a74 110.10MB / 1.38GB 34.8s
